<?xml version="1.0" encoding="UTF-8"?>
<!-- Generated by org.testng.reporters.JUnitReportReporter -->
<testsuite hostname="DESKTOP-J4AIRBB" failures="0" tests="1" name="FlipKart" time="51.556" errors="0" timestamp="2022-09-20T12:10:19 IST" skipped="0">
  <testcase classname="FlipKart" name="validateProduct" time="51.556"/>
  <system-out/>
</testsuite> <!-- FlipKart -->
