<?xml version="1.0" encoding="UTF-8"?>
<!-- Generated by org.testng.reporters.JUnitReportReporter -->
<testsuite hostname="DESKTOP-J4AIRBB" failures="0" tests="1" name="org.flipkart.addToCart.AddToCart" time="14.229" errors="0" timestamp="2022-09-20T13:15:10 IST" skipped="0">
  <testcase classname="org.flipkart.addToCart.AddToCart" name="validateProduct" time="14.229"/>
  <system-out/>
</testsuite> <!-- org.flipkart.addToCart.AddToCart -->
